<?xml version="1.0" encoding="UTF-8"?>
<!-- Generated by org.testng.reporters.JUnitReportReporter -->
<testsuite skipped="0" hostname="LAPTOP-L69VF523" name="TestNG.NewTest01" tests="4" failures="0" timestamp="2022-01-13T17:59:30 IST" time="44.205" errors="0">
  <testcase name="startUp" time="16.709" classname="TestNG.NewTest01"/>
  <system-out/>
  <testcase name="LoginBrowser" time="0.395" classname="TestNG.NewTest01"/>
  <system-out/>
  <testcase name="createandverifytask" time="24.361" classname="TestNG.NewTest01"/>
  <system-out/>
  <testcase name="deleteAndVerifyTask" time="2.740" classname="TestNG.NewTest01"/>
  <system-out/>
</testsuite> <!-- TestNG.NewTest01 -->
