<?xml version="1.0" encoding="UTF-8"?>
<!-- Generated by org.testng.reporters.JUnitReportReporter -->
<testsuite skipped="0" hostname="LAPTOP-L69VF523" name="TestNG.SampleTest1" tests="2" failures="0" timestamp="2022-01-13T17:59:30 IST" time="0.076" errors="0">
  <testcase name="f" time="0.058" classname="TestNG.SampleTest1"/>
  <system-out/>
  <testcase name="afterTest" time="0.018" classname="TestNG.SampleTest1"/>
  <system-out/>
</testsuite> <!-- TestNG.SampleTest1 -->
