<?xml version="1.0" encoding="UTF-8"?>
<!-- Generated by org.testng.reporters.JUnitReportReporter -->
<testsuite skipped="0" hostname="LAPTOP-L69VF523" name="TestNG.ActiTimeTask" tests="5" failures="0" timestamp="2022-01-13T17:59:30 IST" time="59.718" errors="0">
  <testcase name="propertyfile" time="0.001" classname="TestNG.ActiTimeTask"/>
  <system-out/>
  <testcase name="openBrowserAndLogin" time="20.782" classname="TestNG.ActiTimeTask"/>
  <system-out/>
  <testcase name="createAndVerifyTask" time="29.892" classname="TestNG.ActiTimeTask"/>
  <system-out/>
  <testcase name="deleteAndVerifyTask" time="4.283" classname="TestNG.ActiTimeTask"/>
  <system-out/>
  <testcase name="logoutAndClose" time="4.760" classname="TestNG.ActiTimeTask"/>
  <system-out/>
</testsuite> <!-- TestNG.ActiTimeTask -->
